

Started GET "/" for 10.0.2.2 at 2013-07-13 00:25:47 +0000
Processing by Rails::WelcomeController#index as HTML
  Rendered /home.rvm/gems/ruby-2.0.0-p247/gems/railties-4.0.0/lib/rails/templates/rails/welcome/index.html.erb (4.2ms)
Completed 200 OK in 43ms (Views: 21.5ms | ActiveRecord: 0.0ms)


Started GET "/" for 127.0.0.1 at 2013-07-12 20:39:55 -0500

Gem::LoadError (Specified 'sqlite3' for database adapter, but the gem is not loaded. Add `gem 'sqlite3'` to your Gemfile.):
  activerecord (4.0.0) lib/active_record/connection_adapters/connection_specification.rb:58:in `rescue in resolve_hash_connection'
  activerecord (4.0.0) lib/active_record/connection_adapters/connection_specification.rb:55:in `resolve_hash_connection'
  activerecord (4.0.0) lib/active_record/connection_adapters/connection_specification.rb:46:in `resolve_string_connection'
  activerecord (4.0.0) lib/active_record/connection_adapters/connection_specification.rb:30:in `spec'
  activerecord (4.0.0) lib/active_record/connection_handling.rb:39:in `establish_connection'
  activerecord (4.0.0) lib/active_record/railtie.rb:175:in `block (2 levels) in <class:Railtie>'
  activesupport (4.0.0) lib/active_support/lazy_load_hooks.rb:38:in `instance_eval'
  activesupport (4.0.0) lib/active_support/lazy_load_hooks.rb:38:in `execute_hook'
  activesupport (4.0.0) lib/active_support/lazy_load_hooks.rb:45:in `block in run_load_hooks'
  activesupport (4.0.0) lib/active_support/lazy_load_hooks.rb:44:in `each'
  activesupport (4.0.0) lib/active_support/lazy_load_hooks.rb:44:in `run_load_hooks'
  activerecord (4.0.0) lib/active_record/base.rb:322:in `<module:ActiveRecord>'
  activerecord (4.0.0) lib/active_record/base.rb:22:in `<top (required)>'
  activerecord (4.0.0) lib/active_record/query_cache.rb:50:in `restore_query_cache_settings'
  activerecord (4.0.0) lib/active_record/query_cache.rb:43:in `rescue in call'
  activerecord (4.0.0) lib/active_record/query_cache.rb:32:in `call'
  activerecord (4.0.0) lib/active_record/connection_adapters/abstract/connection_pool.rb:626:in `call'
  activerecord (4.0.0) lib/active_record/migration.rb:369:in `call'
  actionpack (4.0.0) lib/action_dispatch/middleware/callbacks.rb:29:in `block in call'
  activesupport (4.0.0) lib/active_support/callbacks.rb:373:in `_run__353100690717222647__call__callbacks'
  activesupport (4.0.0) lib/active_support/callbacks.rb:80:in `run_callbacks'
  actionpack (4.0.0) lib/action_dispatch/middleware/callbacks.rb:27:in `call'
  actionpack (4.0.0) lib/action_dispatch/middleware/reloader.rb:64:in `call'
  actionpack (4.0.0) lib/action_dispatch/middleware/remote_ip.rb:76:in `call'
  actionpack (4.0.0) lib/action_dispatch/middleware/debug_exceptions.rb:17:in `call'
  actionpack (4.0.0) lib/action_dispatch/middleware/show_exceptions.rb:30:in `call'
  railties (4.0.0) lib/rails/rack/logger.rb:38:in `call_app'
  railties (4.0.0) lib/rails/rack/logger.rb:21:in `block in call'
  activesupport (4.0.0) lib/active_support/tagged_logging.rb:67:in `block in tagged'
  activesupport (4.0.0) lib/active_support/tagged_logging.rb:25:in `tagged'
  activesupport (4.0.0) lib/active_support/tagged_logging.rb:67:in `tagged'
  railties (4.0.0) lib/rails/rack/logger.rb:21:in `call'
  actionpack (4.0.0) lib/action_dispatch/middleware/request_id.rb:21:in `call'
  rack (1.5.2) lib/rack/methodoverride.rb:21:in `call'
  rack (1.5.2) lib/rack/runtime.rb:17:in `call'
  activesupport (4.0.0) lib/active_support/cache/strategy/local_cache.rb:83:in `call'
  rack (1.5.2) lib/rack/lock.rb:17:in `call'
  actionpack (4.0.0) lib/action_dispatch/middleware/static.rb:64:in `call'
  railties (4.0.0) lib/rails/engine.rb:511:in `call'
  railties (4.0.0) lib/rails/application.rb:97:in `call'
  rack (1.5.2) lib/rack/lock.rb:17:in `call'
  rack (1.5.2) lib/rack/content_length.rb:14:in `call'
  rack (1.5.2) lib/rack/handler/webrick.rb:60:in `service'
  /Users/csphere/.rvm/rubies/ruby-2.0.0-p247/lib/ruby/2.0.0/webrick/httpserver.rb:138:in `service'
  /Users/csphere/.rvm/rubies/ruby-2.0.0-p247/lib/ruby/2.0.0/webrick/httpserver.rb:94:in `run'
  /Users/csphere/.rvm/rubies/ruby-2.0.0-p247/lib/ruby/2.0.0/webrick/server.rb:295:in `block in start_thread'


  Rendered /Users/csphere/.rvm/gems/ruby-2.0.0-p247/gems/actionpack-4.0.0/lib/action_dispatch/middleware/templates/rescues/_source.erb (0.5ms)
  Rendered /Users/csphere/.rvm/gems/ruby-2.0.0-p247/gems/actionpack-4.0.0/lib/action_dispatch/middleware/templates/rescues/_trace.erb (1.1ms)
  Rendered /Users/csphere/.rvm/gems/ruby-2.0.0-p247/gems/actionpack-4.0.0/lib/action_dispatch/middleware/templates/rescues/_request_and_response.erb (0.8ms)
  Rendered /Users/csphere/.rvm/gems/ruby-2.0.0-p247/gems/actionpack-4.0.0/lib/action_dispatch/middleware/templates/rescues/diagnostics.erb within rescues/layout (17.0ms)


Started GET "/" for 127.0.0.1 at 2013-07-12 20:42:54 -0500
Processing by Rails::WelcomeController#index as HTML
  Rendered /Users/csphere/.rvm/gems/ruby-2.0.0-p247/gems/railties-4.0.0/lib/rails/templates/rails/welcome/index.html.erb (1.4ms)
Completed 200 OK in 21ms (Views: 5.7ms | ActiveRecord: 0.0ms)


Started GET "/blog/2013-07-10-Rails4-Development-On-OSX-Lion.html" for 127.0.0.1 at 2013-07-12 20:47:31 -0500

AbstractController::ActionNotFound (The action 'post' could not be found for BlogController):
  actionpack (4.0.0) lib/abstract_controller/base.rb:131:in `process'
  actionpack (4.0.0) lib/abstract_controller/rendering.rb:44:in `process'
  actionpack (4.0.0) lib/action_controller/metal.rb:195:in `dispatch'
  actionpack (4.0.0) lib/action_controller/metal/rack_delegation.rb:13:in `dispatch'
  actionpack (4.0.0) lib/action_controller/metal.rb:231:in `block in action'
  actionpack (4.0.0) lib/action_dispatch/routing/route_set.rb:80:in `call'
  actionpack (4.0.0) lib/action_dispatch/routing/route_set.rb:80:in `dispatch'
  actionpack (4.0.0) lib/action_dispatch/routing/route_set.rb:48:in `call'
  actionpack (4.0.0) lib/action_dispatch/journey/router.rb:71:in `block in call'
  actionpack (4.0.0) lib/action_dispatch/journey/router.rb:59:in `each'
  actionpack (4.0.0) lib/action_dispatch/journey/router.rb:59:in `call'
  actionpack (4.0.0) lib/action_dispatch/routing/route_set.rb:655:in `call'
  rack (1.5.2) lib/rack/etag.rb:23:in `call'
  rack (1.5.2) lib/rack/conditionalget.rb:25:in `call'
  rack (1.5.2) lib/rack/head.rb:11:in `call'
  actionpack (4.0.0) lib/action_dispatch/middleware/params_parser.rb:27:in `call'
  actionpack (4.0.0) lib/action_dispatch/middleware/flash.rb:241:in `call'
  rack (1.5.2) lib/rack/session/abstract/id.rb:225:in `context'
  rack (1.5.2) lib/rack/session/abstract/id.rb:220:in `call'
  actionpack (4.0.0) lib/action_dispatch/middleware/cookies.rb:486:in `call'
  activerecord (4.0.0) lib/active_record/query_cache.rb:36:in `call'
  activerecord (4.0.0) lib/active_record/connection_adapters/abstract/connection_pool.rb:626:in `call'
  activerecord (4.0.0) lib/active_record/migration.rb:369:in `call'
  actionpack (4.0.0) lib/action_dispatch/middleware/callbacks.rb:29:in `block in call'
  activesupport (4.0.0) lib/active_support/callbacks.rb:373:in `_run__4524212795997759046__call__callbacks'
  activesupport (4.0.0) lib/active_support/callbacks.rb:80:in `run_callbacks'
  actionpack (4.0.0) lib/action_dispatch/middleware/callbacks.rb:27:in `call'
  actionpack (4.0.0) lib/action_dispatch/middleware/reloader.rb:64:in `call'
  actionpack (4.0.0) lib/action_dispatch/middleware/remote_ip.rb:76:in `call'
  actionpack (4.0.0) lib/action_dispatch/middleware/debug_exceptions.rb:17:in `call'
  actionpack (4.0.0) lib/action_dispatch/middleware/show_exceptions.rb:30:in `call'
  railties (4.0.0) lib/rails/rack/logger.rb:38:in `call_app'
  railties (4.0.0) lib/rails/rack/logger.rb:21:in `block in call'
  activesupport (4.0.0) lib/active_support/tagged_logging.rb:67:in `block in tagged'
  activesupport (4.0.0) lib/active_support/tagged_logging.rb:25:in `tagged'
  activesupport (4.0.0) lib/active_support/tagged_logging.rb:67:in `tagged'
  railties (4.0.0) lib/rails/rack/logger.rb:21:in `call'
  actionpack (4.0.0) lib/action_dispatch/middleware/request_id.rb:21:in `call'
  rack (1.5.2) lib/rack/methodoverride.rb:21:in `call'
  rack (1.5.2) lib/rack/runtime.rb:17:in `call'
  activesupport (4.0.0) lib/active_support/cache/strategy/local_cache.rb:83:in `call'
  rack (1.5.2) lib/rack/lock.rb:17:in `call'
  actionpack (4.0.0) lib/action_dispatch/middleware/static.rb:64:in `call'
  railties (4.0.0) lib/rails/engine.rb:511:in `call'
  railties (4.0.0) lib/rails/application.rb:97:in `call'
  rack (1.5.2) lib/rack/lock.rb:17:in `call'
  rack (1.5.2) lib/rack/content_length.rb:14:in `call'
  rack (1.5.2) lib/rack/handler/webrick.rb:60:in `service'
  /Users/csphere/.rvm/rubies/ruby-2.0.0-p247/lib/ruby/2.0.0/webrick/httpserver.rb:138:in `service'
  /Users/csphere/.rvm/rubies/ruby-2.0.0-p247/lib/ruby/2.0.0/webrick/httpserver.rb:94:in `run'
  /Users/csphere/.rvm/rubies/ruby-2.0.0-p247/lib/ruby/2.0.0/webrick/server.rb:295:in `block in start_thread'


  Rendered /Users/csphere/.rvm/gems/ruby-2.0.0-p247/gems/actionpack-4.0.0/lib/action_dispatch/middleware/templates/rescues/unknown_action.erb within rescues/layout (0.9ms)


Started GET "/blog/2013-07-10-Rails4-Development-On-OSX-Lion.html" for 127.0.0.1 at 2013-07-12 20:48:50 -0500
Processing by BlogController#show_post as HTML
  Parameters: {"year"=>"2013-07-10-Rails4-Development", "month"=>"On", "day"=>"OSX", "title"=>"Lion"}
Completed 500 Internal Server Error in 15ms

NoMethodError (undefined method `each' for #<BlogController:0x007fcf5390fe28>):
  app/controllers/blog_controller.rb:4:in `show_post'


  Rendered /Users/csphere/.rvm/gems/ruby-2.0.0-p247/gems/actionpack-4.0.0/lib/action_dispatch/middleware/templates/rescues/_source.erb (0.5ms)
  Rendered /Users/csphere/.rvm/gems/ruby-2.0.0-p247/gems/actionpack-4.0.0/lib/action_dispatch/middleware/templates/rescues/_trace.erb (0.9ms)
  Rendered /Users/csphere/.rvm/gems/ruby-2.0.0-p247/gems/actionpack-4.0.0/lib/action_dispatch/middleware/templates/rescues/_request_and_response.erb (0.7ms)
  Rendered /Users/csphere/.rvm/gems/ruby-2.0.0-p247/gems/actionpack-4.0.0/lib/action_dispatch/middleware/templates/rescues/diagnostics.erb within rescues/layout (14.8ms)


Started GET "/blog/2013-07-10-Rails4-Development-On-OSX-Lion.html" for 127.0.0.1 at 2013-07-12 20:48:58 -0500
Processing by BlogController#show_post as HTML
  Parameters: {"year"=>"2013-07-10-Rails4-Development", "month"=>"On", "day"=>"OSX", "title"=>"Lion"}
Completed 500 Internal Server Error in 2ms

ActionView::MissingTemplate (Missing template blog/show_post, application/show_post with {:locale=>[:en], :formats=>[:html], :handlers=>[:erb, :builder, :raw, :ruby, :jbuilder, :coffee]}. Searched in:
  * "/Users/csphere/dev/BitPivot/BitPivot-Web/app/views"
):
  actionpack (4.0.0) lib/action_view/path_set.rb:46:in `find'
  actionpack (4.0.0) lib/action_view/lookup_context.rb:115:in `find'
  actionpack (4.0.0) lib/action_view/renderer/abstract_renderer.rb:18:in `find_template'
  actionpack (4.0.0) lib/action_view/renderer/template_renderer.rb:35:in `determine_template'
  actionpack (4.0.0) lib/action_view/renderer/template_renderer.rb:8:in `render'
  actionpack (4.0.0) lib/action_view/renderer/renderer.rb:42:in `render_template'
  actionpack (4.0.0) lib/action_view/renderer/renderer.rb:23:in `render'
  actionpack (4.0.0) lib/abstract_controller/rendering.rb:127:in `_render_template'
  actionpack (4.0.0) lib/action_controller/metal/streaming.rb:219:in `_render_template'
  actionpack (4.0.0) lib/abstract_controller/rendering.rb:120:in `render_to_body'
  actionpack (4.0.0) lib/action_controller/metal/rendering.rb:33:in `render_to_body'
  actionpack (4.0.0) lib/action_controller/metal/renderers.rb:26:in `render_to_body'
  actionpack (4.0.0) lib/abstract_controller/rendering.rb:97:in `render'
  actionpack (4.0.0) lib/action_controller/metal/rendering.rb:16:in `render'
  actionpack (4.0.0) lib/action_controller/metal/instrumentation.rb:41:in `block (2 levels) in render'
  activesupport (4.0.0) lib/active_support/core_ext/benchmark.rb:12:in `block in ms'
  /Users/csphere/.rvm/rubies/ruby-2.0.0-p247/lib/ruby/2.0.0/benchmark.rb:296:in `realtime'
  activesupport (4.0.0) lib/active_support/core_ext/benchmark.rb:12:in `ms'
  actionpack (4.0.0) lib/action_controller/metal/instrumentation.rb:41:in `block in render'
  actionpack (4.0.0) lib/action_controller/metal/instrumentation.rb:84:in `cleanup_view_runtime'
  activerecord (4.0.0) lib/active_record/railties/controller_runtime.rb:25:in `cleanup_view_runtime'
  actionpack (4.0.0) lib/action_controller/metal/instrumentation.rb:40:in `render'
  actionpack (4.0.0) lib/action_controller/metal/implicit_render.rb:10:in `default_render'
  actionpack (4.0.0) lib/action_controller/metal/implicit_render.rb:5:in `send_action'
  actionpack (4.0.0) lib/abstract_controller/base.rb:189:in `process_action'
  actionpack (4.0.0) lib/action_controller/metal/rendering.rb:10:in `process_action'
  actionpack (4.0.0) lib/abstract_controller/callbacks.rb:18:in `block in process_action'
  activesupport (4.0.0) lib/active_support/callbacks.rb:403:in `_run__3785618324676926372__process_action__callbacks'
  activesupport (4.0.0) lib/active_support/callbacks.rb:80:in `run_callbacks'
  actionpack (4.0.0) lib/abstract_controller/callbacks.rb:17:in `process_action'
  actionpack (4.0.0) lib/action_controller/metal/rescue.rb:29:in `process_action'
  actionpack (4.0.0) lib/action_controller/metal/instrumentation.rb:31:in `block in process_action'
  activesupport (4.0.0) lib/active_support/notifications.rb:159:in `block in instrument'
  activesupport (4.0.0) lib/active_support/notifications/instrumenter.rb:20:in `instrument'
  activesupport (4.0.0) lib/active_support/notifications.rb:159:in `instrument'
  actionpack (4.0.0) lib/action_controller/metal/instrumentation.rb:30:in `process_action'
  actionpack (4.0.0) lib/action_controller/metal/params_wrapper.rb:245:in `process_action'
  activerecord (4.0.0) lib/active_record/railties/controller_runtime.rb:18:in `process_action'
  actionpack (4.0.0) lib/abstract_controller/base.rb:136:in `process'
  actionpack (4.0.0) lib/abstract_controller/rendering.rb:44:in `process'
  actionpack (4.0.0) lib/action_controller/metal.rb:195:in `dispatch'
  actionpack (4.0.0) lib/action_controller/metal/rack_delegation.rb:13:in `dispatch'
  actionpack (4.0.0) lib/action_controller/metal.rb:231:in `block in action'
  actionpack (4.0.0) lib/action_dispatch/routing/route_set.rb:80:in `call'
  actionpack (4.0.0) lib/action_dispatch/routing/route_set.rb:80:in `dispatch'
  actionpack (4.0.0) lib/action_dispatch/routing/route_set.rb:48:in `call'
  actionpack (4.0.0) lib/action_dispatch/journey/router.rb:71:in `block in call'
  actionpack (4.0.0) lib/action_dispatch/journey/router.rb:59:in `each'
  actionpack (4.0.0) lib/action_dispatch/journey/router.rb:59:in `call'
  actionpack (4.0.0) lib/action_dispatch/routing/route_set.rb:655:in `call'
  rack (1.5.2) lib/rack/etag.rb:23:in `call'
  rack (1.5.2) lib/rack/conditionalget.rb:25:in `call'
  rack (1.5.2) lib/rack/head.rb:11:in `call'
  actionpack (4.0.0) lib/action_dispatch/middleware/params_parser.rb:27:in `call'
  actionpack (4.0.0) lib/action_dispatch/middleware/flash.rb:241:in `call'
  rack (1.5.2) lib/rack/session/abstract/id.rb:225:in `context'
  rack (1.5.2) lib/rack/session/abstract/id.rb:220:in `call'
  actionpack (4.0.0) lib/action_dispatch/middleware/cookies.rb:486:in `call'
  activerecord (4.0.0) lib/active_record/query_cache.rb:36:in `call'
  activerecord (4.0.0) lib/active_record/connection_adapters/abstract/connection_pool.rb:626:in `call'
  activerecord (4.0.0) lib/active_record/migration.rb:369:in `call'
  actionpack (4.0.0) lib/action_dispatch/middleware/callbacks.rb:29:in `block in call'
  activesupport (4.0.0) lib/active_support/callbacks.rb:373:in `_run__4524212795997759046__call__callbacks'
  activesupport (4.0.0) lib/active_support/callbacks.rb:80:in `run_callbacks'
  actionpack (4.0.0) lib/action_dispatch/middleware/callbacks.rb:27:in `call'
  actionpack (4.0.0) lib/action_dispatch/middleware/reloader.rb:64:in `call'
  actionpack (4.0.0) lib/action_dispatch/middleware/remote_ip.rb:76:in `call'
  actionpack (4.0.0) lib/action_dispatch/middleware/debug_exceptions.rb:17:in `call'
  actionpack (4.0.0) lib/action_dispatch/middleware/show_exceptions.rb:30:in `call'
  railties (4.0.0) lib/rails/rack/logger.rb:38:in `call_app'
  railties (4.0.0) lib/rails/rack/logger.rb:21:in `block in call'
  activesupport (4.0.0) lib/active_support/tagged_logging.rb:67:in `block in tagged'
  activesupport (4.0.0) lib/active_support/tagged_logging.rb:25:in `tagged'
  activesupport (4.0.0) lib/active_support/tagged_logging.rb:67:in `tagged'
  railties (4.0.0) lib/rails/rack/logger.rb:21:in `call'
  actionpack (4.0.0) lib/action_dispatch/middleware/request_id.rb:21:in `call'
  rack (1.5.2) lib/rack/methodoverride.rb:21:in `call'
  rack (1.5.2) lib/rack/runtime.rb:17:in `call'
  activesupport (4.0.0) lib/active_support/cache/strategy/local_cache.rb:83:in `call'
  rack (1.5.2) lib/rack/lock.rb:17:in `call'
  actionpack (4.0.0) lib/action_dispatch/middleware/static.rb:64:in `call'
  railties (4.0.0) lib/rails/engine.rb:511:in `call'
  railties (4.0.0) lib/rails/application.rb:97:in `call'
  rack (1.5.2) lib/rack/lock.rb:17:in `call'
  rack (1.5.2) lib/rack/content_length.rb:14:in `call'
  rack (1.5.2) lib/rack/handler/webrick.rb:60:in `service'
  /Users/csphere/.rvm/rubies/ruby-2.0.0-p247/lib/ruby/2.0.0/webrick/httpserver.rb:138:in `service'
  /Users/csphere/.rvm/rubies/ruby-2.0.0-p247/lib/ruby/2.0.0/webrick/httpserver.rb:94:in `run'
  /Users/csphere/.rvm/rubies/ruby-2.0.0-p247/lib/ruby/2.0.0/webrick/server.rb:295:in `block in start_thread'


  Rendered /Users/csphere/.rvm/gems/ruby-2.0.0-p247/gems/actionpack-4.0.0/lib/action_dispatch/middleware/templates/rescues/missing_template.erb within rescues/layout (0.3ms)


Started GET "/blog/2013-07-10-Rails4-Development-On-OSX-Lion.html" for 127.0.0.1 at 2013-07-12 20:49:12 -0500
Processing by BlogController#show_post as HTML
  Parameters: {"year"=>"2013-07-10-Rails4-Development", "month"=>"On", "day"=>"OSX", "title"=>"Lion"}
  Rendered blog/show_post.html.erb within layouts/application (0.3ms)
  Rendered layouts/_shim.html.erb (0.4ms)
  Rendered layouts/_head.html.erb (575.8ms)
  Rendered layouts/_footer.html.erb (0.3ms)
Completed 200 OK in 666ms (Views: 665.1ms | ActiveRecord: 0.0ms)


Started GET "/assets/application.css?body=1" for 127.0.0.1 at 2013-07-12 20:49:13 -0500


Started GET "/assets/blog.css?body=1" for 127.0.0.1 at 2013-07-12 20:49:13 -0500


Started GET "/assets/jquery.js?body=1" for 127.0.0.1 at 2013-07-12 20:49:13 -0500


Started GET "/assets/jquery_ujs.js?body=1" for 127.0.0.1 at 2013-07-12 20:49:13 -0500


Started GET "/assets/blog.js?body=1" for 127.0.0.1 at 2013-07-12 20:49:13 -0500


Started GET "/assets/turbolinks.js?body=1" for 127.0.0.1 at 2013-07-12 20:49:13 -0500


Started GET "/assets/application.js?body=1" for 127.0.0.1 at 2013-07-12 20:49:13 -0500


Started GET "/blog/2013-07-10-Rails4-Development-On-OSX-Lion.html" for 127.0.0.1 at 2013-07-12 20:49:15 -0500
Processing by BlogController#show_post as HTML
  Parameters: {"year"=>"2013-07-10-Rails4-Development", "month"=>"On", "day"=>"OSX", "title"=>"Lion"}
  Rendered blog/show_post.html.erb within layouts/application (0.0ms)
  Rendered layouts/_shim.html.erb (0.0ms)
  Rendered layouts/_head.html.erb (2.2ms)
  Rendered layouts/_footer.html.erb (0.0ms)
Completed 200 OK in 5ms (Views: 4.8ms | ActiveRecord: 0.0ms)


Started GET "/assets/application.css?body=1" for 127.0.0.1 at 2013-07-12 20:49:15 -0500


Started GET "/assets/jquery.js?body=1" for 127.0.0.1 at 2013-07-12 20:49:15 -0500


Started GET "/assets/turbolinks.js?body=1" for 127.0.0.1 at 2013-07-12 20:49:15 -0500


Started GET "/assets/blog.css?body=1" for 127.0.0.1 at 2013-07-12 20:49:15 -0500


Started GET "/assets/jquery_ujs.js?body=1" for 127.0.0.1 at 2013-07-12 20:49:15 -0500


Started GET "/assets/blog.js?body=1" for 127.0.0.1 at 2013-07-12 20:49:15 -0500


Started GET "/assets/application.js?body=1" for 127.0.0.1 at 2013-07-12 20:49:15 -0500


Started GET "/assets/turbolinks.js?body=1" for 127.0.0.1 at 2013-07-12 20:49:15 -0500


Started GET "/blog/2013-07-10-Rails4-Development-On-OSX-Lion.html" for 127.0.0.1 at 2013-07-12 20:49:48 -0500
Processing by BlogController#show_post as HTML
  Parameters: {"year"=>"2013-07-10-Rails4-Development", "month"=>"On", "day"=>"OSX", "title"=>"Lion"}
  Rendered blog/show_post.html.erb within layouts/application (0.0ms)
  Rendered layouts/_shim.html.erb (0.0ms)
  Rendered layouts/_head.html.erb (2.3ms)
  Rendered layouts/_footer.html.erb (0.0ms)
Completed 200 OK in 5ms (Views: 4.7ms | ActiveRecord: 0.0ms)


Started GET "/assets/application.css?body=1" for 127.0.0.1 at 2013-07-12 20:49:48 -0500


Started GET "/assets/blog.css?body=1" for 127.0.0.1 at 2013-07-12 20:49:48 -0500


Started GET "/assets/jquery.js?body=1" for 127.0.0.1 at 2013-07-12 20:49:48 -0500


Started GET "/assets/jquery_ujs.js?body=1" for 127.0.0.1 at 2013-07-12 20:49:48 -0500


Started GET "/assets/turbolinks.js?body=1" for 127.0.0.1 at 2013-07-12 20:49:48 -0500


Started GET "/assets/blog.js?body=1" for 127.0.0.1 at 2013-07-12 20:49:48 -0500


Started GET "/assets/application.js?body=1" for 127.0.0.1 at 2013-07-12 20:49:48 -0500


Started GET "/blog/2013-07-10-Rails4-Development-On-OSX-Lion.html" for 127.0.0.1 at 2013-07-12 20:52:02 -0500

SyntaxError (/Users/csphere/dev/BitPivot/BitPivot-Web/app/controllers/blog_controller.rb:5: syntax error, unexpected keyword_end):
  activesupport (4.0.0) lib/active_support/dependencies.rb:423:in `load'
  activesupport (4.0.0) lib/active_support/dependencies.rb:423:in `block in load_file'
  activesupport (4.0.0) lib/active_support/dependencies.rb:615:in `new_constants_in'
  activesupport (4.0.0) lib/active_support/dependencies.rb:422:in `load_file'
  activesupport (4.0.0) lib/active_support/dependencies.rb:323:in `require_or_load'
  activesupport (4.0.0) lib/active_support/dependencies.rb:462:in `load_missing_constant'
  activesupport (4.0.0) lib/active_support/dependencies.rb:183:in `const_missing'
  activesupport (4.0.0) lib/active_support/inflector/methods.rb:226:in `const_get'
  activesupport (4.0.0) lib/active_support/inflector/methods.rb:226:in `block in constantize'
  activesupport (4.0.0) lib/active_support/inflector/methods.rb:224:in `each'
  activesupport (4.0.0) lib/active_support/inflector/methods.rb:224:in `inject'
  activesupport (4.0.0) lib/active_support/inflector/methods.rb:224:in `constantize'
  activesupport (4.0.0) lib/active_support/dependencies.rb:534:in `get'
  activesupport (4.0.0) lib/active_support/dependencies.rb:565:in `constantize'
  actionpack (4.0.0) lib/action_dispatch/routing/route_set.rb:76:in `controller_reference'
  actionpack (4.0.0) lib/action_dispatch/routing/route_set.rb:66:in `controller'
  actionpack (4.0.0) lib/action_dispatch/routing/route_set.rb:44:in `call'
  actionpack (4.0.0) lib/action_dispatch/journey/router.rb:71:in `block in call'
  actionpack (4.0.0) lib/action_dispatch/journey/router.rb:59:in `each'
  actionpack (4.0.0) lib/action_dispatch/journey/router.rb:59:in `call'
  actionpack (4.0.0) lib/action_dispatch/routing/route_set.rb:655:in `call'
  rack (1.5.2) lib/rack/etag.rb:23:in `call'
  rack (1.5.2) lib/rack/conditionalget.rb:25:in `call'
  rack (1.5.2) lib/rack/head.rb:11:in `call'
  actionpack (4.0.0) lib/action_dispatch/middleware/params_parser.rb:27:in `call'
  actionpack (4.0.0) lib/action_dispatch/middleware/flash.rb:241:in `call'
  rack (1.5.2) lib/rack/session/abstract/id.rb:225:in `context'
  rack (1.5.2) lib/rack/session/abstract/id.rb:220:in `call'
  actionpack (4.0.0) lib/action_dispatch/middleware/cookies.rb:486:in `call'
  activerecord (4.0.0) lib/active_record/query_cache.rb:36:in `call'
  activerecord (4.0.0) lib/active_record/connection_adapters/abstract/connection_pool.rb:626:in `call'
  activerecord (4.0.0) lib/active_record/migration.rb:369:in `call'
  actionpack (4.0.0) lib/action_dispatch/middleware/callbacks.rb:29:in `block in call'
  activesupport (4.0.0) lib/active_support/callbacks.rb:373:in `_run__4524212795997759046__call__callbacks'
  activesupport (4.0.0) lib/active_support/callbacks.rb:80:in `run_callbacks'
  actionpack (4.0.0) lib/action_dispatch/middleware/callbacks.rb:27:in `call'
  actionpack (4.0.0) lib/action_dispatch/middleware/reloader.rb:64:in `call'
  actionpack (4.0.0) lib/action_dispatch/middleware/remote_ip.rb:76:in `call'
  actionpack (4.0.0) lib/action_dispatch/middleware/debug_exceptions.rb:17:in `call'
  actionpack (4.0.0) lib/action_dispatch/middleware/show_exceptions.rb:30:in `call'
  railties (4.0.0) lib/rails/rack/logger.rb:38:in `call_app'
  railties (4.0.0) lib/rails/rack/logger.rb:21:in `block in call'
  activesupport (4.0.0) lib/active_support/tagged_logging.rb:67:in `block in tagged'
  activesupport (4.0.0) lib/active_support/tagged_logging.rb:25:in `tagged'
  activesupport (4.0.0) lib/active_support/tagged_logging.rb:67:in `tagged'
  railties (4.0.0) lib/rails/rack/logger.rb:21:in `call'
  actionpack (4.0.0) lib/action_dispatch/middleware/request_id.rb:21:in `call'
  rack (1.5.2) lib/rack/methodoverride.rb:21:in `call'
  rack (1.5.2) lib/rack/runtime.rb:17:in `call'
  activesupport (4.0.0) lib/active_support/cache/strategy/local_cache.rb:83:in `call'
  rack (1.5.2) lib/rack/lock.rb:17:in `call'
  actionpack (4.0.0) lib/action_dispatch/middleware/static.rb:64:in `call'
  railties (4.0.0) lib/rails/engine.rb:511:in `call'
  railties (4.0.0) lib/rails/application.rb:97:in `call'
  rack (1.5.2) lib/rack/lock.rb:17:in `call'
  rack (1.5.2) lib/rack/content_length.rb:14:in `call'
  rack (1.5.2) lib/rack/handler/webrick.rb:60:in `service'
  /Users/csphere/.rvm/rubies/ruby-2.0.0-p247/lib/ruby/2.0.0/webrick/httpserver.rb:138:in `service'
  /Users/csphere/.rvm/rubies/ruby-2.0.0-p247/lib/ruby/2.0.0/webrick/httpserver.rb:94:in `run'
  /Users/csphere/.rvm/rubies/ruby-2.0.0-p247/lib/ruby/2.0.0/webrick/server.rb:295:in `block in start_thread'


  Rendered /Users/csphere/.rvm/gems/ruby-2.0.0-p247/gems/actionpack-4.0.0/lib/action_dispatch/middleware/templates/rescues/_source.erb (0.5ms)
  Rendered /Users/csphere/.rvm/gems/ruby-2.0.0-p247/gems/actionpack-4.0.0/lib/action_dispatch/middleware/templates/rescues/_trace.erb (0.9ms)
  Rendered /Users/csphere/.rvm/gems/ruby-2.0.0-p247/gems/actionpack-4.0.0/lib/action_dispatch/middleware/templates/rescues/_request_and_response.erb (1.0ms)
  Rendered /Users/csphere/.rvm/gems/ruby-2.0.0-p247/gems/actionpack-4.0.0/lib/action_dispatch/middleware/templates/rescues/diagnostics.erb within rescues/layout (12.6ms)


Started GET "/blog/2013-07-10-Rails4-Development-On-OSX-Lion.html" for 127.0.0.1 at 2013-07-12 20:52:03 -0500

SyntaxError (/Users/csphere/dev/BitPivot/BitPivot-Web/app/controllers/blog_controller.rb:5: syntax error, unexpected keyword_end):
  activesupport (4.0.0) lib/active_support/dependencies.rb:423:in `load'
  activesupport (4.0.0) lib/active_support/dependencies.rb:423:in `block in load_file'
  activesupport (4.0.0) lib/active_support/dependencies.rb:615:in `new_constants_in'
  activesupport (4.0.0) lib/active_support/dependencies.rb:422:in `load_file'
  activesupport (4.0.0) lib/active_support/dependencies.rb:323:in `require_or_load'
  activesupport (4.0.0) lib/active_support/dependencies.rb:462:in `load_missing_constant'
  activesupport (4.0.0) lib/active_support/dependencies.rb:183:in `const_missing'
  activesupport (4.0.0) lib/active_support/inflector/methods.rb:226:in `const_get'
  activesupport (4.0.0) lib/active_support/inflector/methods.rb:226:in `block in constantize'
  activesupport (4.0.0) lib/active_support/inflector/methods.rb:224:in `each'
  activesupport (4.0.0) lib/active_support/inflector/methods.rb:224:in `inject'
  activesupport (4.0.0) lib/active_support/inflector/methods.rb:224:in `constantize'
  activesupport (4.0.0) lib/active_support/dependencies.rb:534:in `get'
  activesupport (4.0.0) lib/active_support/dependencies.rb:565:in `constantize'
  actionpack (4.0.0) lib/action_dispatch/routing/route_set.rb:76:in `controller_reference'
  actionpack (4.0.0) lib/action_dispatch/routing/route_set.rb:66:in `controller'
  actionpack (4.0.0) lib/action_dispatch/routing/route_set.rb:44:in `call'
  actionpack (4.0.0) lib/action_dispatch/journey/router.rb:71:in `block in call'
  actionpack (4.0.0) lib/action_dispatch/journey/router.rb:59:in `each'
  actionpack (4.0.0) lib/action_dispatch/journey/router.rb:59:in `call'
  actionpack (4.0.0) lib/action_dispatch/routing/route_set.rb:655:in `call'
  rack (1.5.2) lib/rack/etag.rb:23:in `call'
  rack (1.5.2) lib/rack/conditionalget.rb:25:in `call'
  rack (1.5.2) lib/rack/head.rb:11:in `call'
  actionpack (4.0.0) lib/action_dispatch/middleware/params_parser.rb:27:in `call'
  actionpack (4.0.0) lib/action_dispatch/middleware/flash.rb:241:in `call'
  rack (1.5.2) lib/rack/session/abstract/id.rb:225:in `context'
  rack (1.5.2) lib/rack/session/abstract/id.rb:220:in `call'
  actionpack (4.0.0) lib/action_dispatch/middleware/cookies.rb:486:in `call'
  activerecord (4.0.0) lib/active_record/query_cache.rb:36:in `call'
  activerecord (4.0.0) lib/active_record/connection_adapters/abstract/connection_pool.rb:626:in `call'
  activerecord (4.0.0) lib/active_record/migration.rb:369:in `call'
  actionpack (4.0.0) lib/action_dispatch/middleware/callbacks.rb:29:in `block in call'
  activesupport (4.0.0) lib/active_support/callbacks.rb:373:in `_run__4524212795997759046__call__callbacks'
  activesupport (4.0.0) lib/active_support/callbacks.rb:80:in `run_callbacks'
  actionpack (4.0.0) lib/action_dispatch/middleware/callbacks.rb:27:in `call'
  actionpack (4.0.0) lib/action_dispatch/middleware/reloader.rb:64:in `call'
  actionpack (4.0.0) lib/action_dispatch/middleware/remote_ip.rb:76:in `call'
  actionpack (4.0.0) lib/action_dispatch/middleware/debug_exceptions.rb:17:in `call'
  actionpack (4.0.0) lib/action_dispatch/middleware/show_exceptions.rb:30:in `call'
  railties (4.0.0) lib/rails/rack/logger.rb:38:in `call_app'
  railties (4.0.0) lib/rails/rack/logger.rb:21:in `block in call'
  activesupport (4.0.0) lib/active_support/tagged_logging.rb:67:in `block in tagged'
  activesupport (4.0.0) lib/active_support/tagged_logging.rb:25:in `tagged'
  activesupport (4.0.0) lib/active_support/tagged_logging.rb:67:in `tagged'
  railties (4.0.0) lib/rails/rack/logger.rb:21:in `call'
  actionpack (4.0.0) lib/action_dispatch/middleware/request_id.rb:21:in `call'
  rack (1.5.2) lib/rack/methodoverride.rb:21:in `call'
  rack (1.5.2) lib/rack/runtime.rb:17:in `call'
  activesupport (4.0.0) lib/active_support/cache/strategy/local_cache.rb:83:in `call'
  rack (1.5.2) lib/rack/lock.rb:17:in `call'
  actionpack (4.0.0) lib/action_dispatch/middleware/static.rb:64:in `call'
  railties (4.0.0) lib/rails/engine.rb:511:in `call'
  railties (4.0.0) lib/rails/application.rb:97:in `call'
  rack (1.5.2) lib/rack/lock.rb:17:in `call'
  rack (1.5.2) lib/rack/content_length.rb:14:in `call'
  rack (1.5.2) lib/rack/handler/webrick.rb:60:in `service'
  /Users/csphere/.rvm/rubies/ruby-2.0.0-p247/lib/ruby/2.0.0/webrick/httpserver.rb:138:in `service'
  /Users/csphere/.rvm/rubies/ruby-2.0.0-p247/lib/ruby/2.0.0/webrick/httpserver.rb:94:in `run'
  /Users/csphere/.rvm/rubies/ruby-2.0.0-p247/lib/ruby/2.0.0/webrick/server.rb:295:in `block in start_thread'


  Rendered /Users/csphere/.rvm/gems/ruby-2.0.0-p247/gems/actionpack-4.0.0/lib/action_dispatch/middleware/templates/rescues/_source.erb (0.4ms)
  Rendered /Users/csphere/.rvm/gems/ruby-2.0.0-p247/gems/actionpack-4.0.0/lib/action_dispatch/middleware/templates/rescues/_trace.erb (0.9ms)
  Rendered /Users/csphere/.rvm/gems/ruby-2.0.0-p247/gems/actionpack-4.0.0/lib/action_dispatch/middleware/templates/rescues/_request_and_response.erb (1.1ms)
  Rendered /Users/csphere/.rvm/gems/ruby-2.0.0-p247/gems/actionpack-4.0.0/lib/action_dispatch/middleware/templates/rescues/diagnostics.erb within rescues/layout (13.4ms)


Started GET "/blog/2013-07-10-Rails4-Development-On-OSX-Lion.html" for 127.0.0.1 at 2013-07-12 20:53:43 -0500
Processing by BlogController#show_post as HTML
  Parameters: {"year"=>"2013-07-10-Rails4-Development", "month"=>"On", "day"=>"OSX", "title"=>"Lion"}
Completed 500 Internal Server Error in 3ms

NameError (undefined local variable or method `year' for #<BlogController:0x007fcf57923f50>):
  app/controllers/blog_controller.rb:4:in `show_post'


  Rendered /Users/csphere/.rvm/gems/ruby-2.0.0-p247/gems/actionpack-4.0.0/lib/action_dispatch/middleware/templates/rescues/_source.erb (0.5ms)
  Rendered /Users/csphere/.rvm/gems/ruby-2.0.0-p247/gems/actionpack-4.0.0/lib/action_dispatch/middleware/templates/rescues/_trace.erb (0.9ms)
  Rendered /Users/csphere/.rvm/gems/ruby-2.0.0-p247/gems/actionpack-4.0.0/lib/action_dispatch/middleware/templates/rescues/_request_and_response.erb (0.8ms)
  Rendered /Users/csphere/.rvm/gems/ruby-2.0.0-p247/gems/actionpack-4.0.0/lib/action_dispatch/middleware/templates/rescues/diagnostics.erb within rescues/layout (13.7ms)


Started GET "/blog/2013-07-10-Rails4-Development-On-OSX-Lion.html" for 127.0.0.1 at 2013-07-12 20:54:10 -0500
Processing by BlogController#show_post as HTML
  Parameters: {"year"=>"2013-07-10-Rails4-Development", "month"=>"On", "day"=>"OSX", "title"=>"Lion"}
Completed 500 Internal Server Error in 2ms

NameError (undefined local variable or method `day' for #<BlogController:0x007fcf561be680>):
  app/controllers/blog_controller.rb:4:in `show_post'


  Rendered /Users/csphere/.rvm/gems/ruby-2.0.0-p247/gems/actionpack-4.0.0/lib/action_dispatch/middleware/templates/rescues/_source.erb (0.5ms)
  Rendered /Users/csphere/.rvm/gems/ruby-2.0.0-p247/gems/actionpack-4.0.0/lib/action_dispatch/middleware/templates/rescues/_trace.erb (0.8ms)
  Rendered /Users/csphere/.rvm/gems/ruby-2.0.0-p247/gems/actionpack-4.0.0/lib/action_dispatch/middleware/templates/rescues/_request_and_response.erb (0.7ms)
  Rendered /Users/csphere/.rvm/gems/ruby-2.0.0-p247/gems/actionpack-4.0.0/lib/action_dispatch/middleware/templates/rescues/diagnostics.erb within rescues/layout (13.6ms)


Started GET "/blog/2013-07-10-Rails4-Development-On-OSX-Lion.html" for 127.0.0.1 at 2013-07-12 20:54:19 -0500
Processing by BlogController#show_post as HTML
  Parameters: {"year"=>"2013-07-10-Rails4-Development", "month"=>"On", "day"=>"OSX", "title"=>"Lion"}
  Rendered blog/show_post.html.erb within layouts/application (0.0ms)
  Rendered layouts/_shim.html.erb (0.0ms)
  Rendered layouts/_head.html.erb (2.1ms)
  Rendered layouts/_footer.html.erb (0.0ms)
Completed 200 OK in 5ms (Views: 4.4ms | ActiveRecord: 0.0ms)


Started GET "/assets/application.css?body=1" for 127.0.0.1 at 2013-07-12 20:54:19 -0500


Started GET "/assets/blog.css?body=1" for 127.0.0.1 at 2013-07-12 20:54:19 -0500


Started GET "/assets/jquery.js?body=1" for 127.0.0.1 at 2013-07-12 20:54:19 -0500


Started GET "/assets/jquery_ujs.js?body=1" for 127.0.0.1 at 2013-07-12 20:54:19 -0500


Started GET "/assets/turbolinks.js?body=1" for 127.0.0.1 at 2013-07-12 20:54:19 -0500


Started GET "/assets/blog.js?body=1" for 127.0.0.1 at 2013-07-12 20:54:19 -0500


Started GET "/assets/application.js?body=1" for 127.0.0.1 at 2013-07-12 20:54:19 -0500


Started GET "/blog/2013-07-10-Rails4-Development-On-OSX-Lion.html" for 127.0.0.1 at 2013-07-12 20:54:21 -0500
Processing by BlogController#show_post as HTML
  Parameters: {"year"=>"2013-07-10-Rails4-Development", "month"=>"On", "day"=>"OSX", "title"=>"Lion"}
  Rendered blog/show_post.html.erb within layouts/application (0.0ms)
  Rendered layouts/_shim.html.erb (0.0ms)
  Rendered layouts/_head.html.erb (2.0ms)
  Rendered layouts/_footer.html.erb (0.0ms)
Completed 200 OK in 4ms (Views: 4.0ms | ActiveRecord: 0.0ms)


Started GET "/assets/application.css?body=1" for 127.0.0.1 at 2013-07-12 20:54:21 -0500


Started GET "/assets/turbolinks.js?body=1" for 127.0.0.1 at 2013-07-12 20:54:21 -0500


Started GET "/assets/blog.js?body=1" for 127.0.0.1 at 2013-07-12 20:54:21 -0500


Started GET "/assets/jquery.js?body=1" for 127.0.0.1 at 2013-07-12 20:54:21 -0500


Started GET "/assets/jquery_ujs.js?body=1" for 127.0.0.1 at 2013-07-12 20:54:21 -0500


Started GET "/assets/blog.css?body=1" for 127.0.0.1 at 2013-07-12 20:54:21 -0500


Started GET "/assets/application.js?body=1" for 127.0.0.1 at 2013-07-12 20:54:21 -0500


Started GET "/blog/2013-07-10-Rails4-Development-On-OSX-Lion.html" for 127.0.0.1 at 2013-07-12 20:55:49 -0500
Processing by BlogController#show_post as HTML
  Parameters: {"year"=>"2013-07-10-Rails4-Development", "month"=>"On", "day"=>"OSX", "title"=>"Lion"}
Completed 500 Internal Server Error in 2ms

ActionView::MissingTemplate (Missing template /2013-07-10-Rails4-Development-On-OSX-Lion.html with {:locale=>[:en], :formats=>[:html], :handlers=>[:erb, :builder, :raw, :ruby, :jbuilder, :coffee]}. Searched in:
  * "/Users/csphere/dev/BitPivot/BitPivot-Web/app/views"
  * "/Users/csphere/dev/BitPivot/BitPivot-Web"
  * "/"
):
  app/controllers/blog_controller.rb:6:in `show_post'


  Rendered /Users/csphere/.rvm/gems/ruby-2.0.0-p247/gems/actionpack-4.0.0/lib/action_dispatch/middleware/templates/rescues/missing_template.erb within rescues/layout (0.3ms)


Started GET "/blog/2013-07-10-Rails4-Development-On-OSX-Lion.html" for 127.0.0.1 at 2013-07-12 20:55:54 -0500
Processing by BlogController#show_post as HTML
  Parameters: {"year"=>"2013-07-10-Rails4-Development", "month"=>"On", "day"=>"OSX", "title"=>"Lion"}
Completed 500 Internal Server Error in 2ms

ActionView::MissingTemplate (Missing template /2013-07-10-Rails4-Development-On-OSX-Lion.html with {:locale=>[:en], :formats=>[:html], :handlers=>[:erb, :builder, :raw, :ruby, :jbuilder, :coffee]}. Searched in:
  * "/Users/csphere/dev/BitPivot/BitPivot-Web/app/views"
  * "/Users/csphere/dev/BitPivot/BitPivot-Web"
  * "/"
):
  app/controllers/blog_controller.rb:6:in `show_post'


  Rendered /Users/csphere/.rvm/gems/ruby-2.0.0-p247/gems/actionpack-4.0.0/lib/action_dispatch/middleware/templates/rescues/missing_template.erb within rescues/layout (0.3ms)


Started GET "/blog/2013-07-10-Rails4-Development-On-OSX-Lion.html" for 127.0.0.1 at 2013-07-12 20:55:55 -0500
Processing by BlogController#show_post as HTML
  Parameters: {"year"=>"2013-07-10-Rails4-Development", "month"=>"On", "day"=>"OSX", "title"=>"Lion"}
Completed 500 Internal Server Error in 26ms

ActionView::MissingTemplate (Missing template /2013-07-10-Rails4-Development-On-OSX-Lion.html with {:locale=>[:en], :formats=>[:html], :handlers=>[:erb, :builder, :raw, :ruby, :jbuilder, :coffee]}. Searched in:
  * "/Users/csphere/dev/BitPivot/BitPivot-Web/app/views"
  * "/Users/csphere/dev/BitPivot/BitPivot-Web"
  * "/"
):
  app/controllers/blog_controller.rb:6:in `show_post'


  Rendered /Users/csphere/.rvm/gems/ruby-2.0.0-p247/gems/actionpack-4.0.0/lib/action_dispatch/middleware/templates/rescues/missing_template.erb within rescues/layout (0.4ms)


Started GET "/blog/2013-07-10-Rails4-Development-On-OSX-Lion.html" for 127.0.0.1 at 2013-07-12 20:56:03 -0500
Processing by BlogController#show_post as HTML
  Parameters: {"year"=>"2013-07-10-Rails4-Development", "month"=>"On", "day"=>"OSX", "title"=>"Lion"}
Completed 500 Internal Server Error in 2ms

ActionView::MissingTemplate (Missing template posts/2013-07-10-Rails4-Development-On-OSX-Lion.html with {:locale=>[:en], :formats=>[:html], :handlers=>[:erb, :builder, :raw, :ruby, :jbuilder, :coffee]}. Searched in:
  * "/Users/csphere/dev/BitPivot/BitPivot-Web/app/views"
  * "/Users/csphere/dev/BitPivot/BitPivot-Web"
  * "/"
):
  app/controllers/blog_controller.rb:6:in `show_post'


  Rendered /Users/csphere/.rvm/gems/ruby-2.0.0-p247/gems/actionpack-4.0.0/lib/action_dispatch/middleware/templates/rescues/missing_template.erb within rescues/layout (0.3ms)


Started GET "/blog/2013-07-10-Rails4-Development-On-OSX-Lion.html" for 127.0.0.1 at 2013-07-12 20:56:04 -0500
Processing by BlogController#show_post as HTML
  Parameters: {"year"=>"2013-07-10-Rails4-Development", "month"=>"On", "day"=>"OSX", "title"=>"Lion"}
Completed 500 Internal Server Error in 3ms

ActionView::MissingTemplate (Missing template posts/2013-07-10-Rails4-Development-On-OSX-Lion.html with {:locale=>[:en], :formats=>[:html], :handlers=>[:erb, :builder, :raw, :ruby, :jbuilder, :coffee]}. Searched in:
  * "/Users/csphere/dev/BitPivot/BitPivot-Web/app/views"
  * "/Users/csphere/dev/BitPivot/BitPivot-Web"
  * "/"
):
  app/controllers/blog_controller.rb:6:in `show_post'


  Rendered /Users/csphere/.rvm/gems/ruby-2.0.0-p247/gems/actionpack-4.0.0/lib/action_dispatch/middleware/templates/rescues/missing_template.erb within rescues/layout (0.4ms)


Started GET "/blog/2013-07-10-Rails4-Development-On-OSX-Lion.html" for 127.0.0.1 at 2013-07-12 20:56:42 -0500
Processing by BlogController#show_post as HTML
  Parameters: {"year"=>"2013-07-10-Rails4-Development", "month"=>"On", "day"=>"OSX", "title"=>"Lion"}
Completed 500 Internal Server Error in 2ms

ActionView::MissingTemplate (Missing template /2013-07-10-Rails4-Development-On-OSX-Lion.html with {:locale=>[:en], :formats=>[:html], :handlers=>[:erb, :builder, :raw, :ruby, :jbuilder, :coffee]}. Searched in:
  * "/Users/csphere/dev/BitPivot/BitPivot-Web/app/views"
  * "/Users/csphere/dev/BitPivot/BitPivot-Web"
  * "/"
):
  app/controllers/blog_controller.rb:6:in `show_post'


  Rendered /Users/csphere/.rvm/gems/ruby-2.0.0-p247/gems/actionpack-4.0.0/lib/action_dispatch/middleware/templates/rescues/missing_template.erb within rescues/layout (0.3ms)


Started GET "/blog/2013-07-10-Rails4-Development-On-OSX-Lion.html" for 127.0.0.1 at 2013-07-12 20:56:43 -0500
Processing by BlogController#show_post as HTML
  Parameters: {"year"=>"2013-07-10-Rails4-Development", "month"=>"On", "day"=>"OSX", "title"=>"Lion"}
Completed 500 Internal Server Error in 1ms

ActionView::MissingTemplate (Missing template /2013-07-10-Rails4-Development-On-OSX-Lion.html with {:locale=>[:en], :formats=>[:html], :handlers=>[:erb, :builder, :raw, :ruby, :jbuilder, :coffee]}. Searched in:
  * "/Users/csphere/dev/BitPivot/BitPivot-Web/app/views"
  * "/Users/csphere/dev/BitPivot/BitPivot-Web"
  * "/"
):
  app/controllers/blog_controller.rb:6:in `show_post'


  Rendered /Users/csphere/.rvm/gems/ruby-2.0.0-p247/gems/actionpack-4.0.0/lib/action_dispatch/middleware/templates/rescues/missing_template.erb within rescues/layout (0.3ms)


Started GET "/blog/2013-07-10-Rails4-Development-On-OSX-Lion.html" for 127.0.0.1 at 2013-07-12 20:57:17 -0500
Processing by BlogController#show_post as HTML
  Parameters: {"year"=>"2013-07-10-Rails4-Development", "month"=>"On", "day"=>"OSX", "title"=>"Lion"}
Completed 500 Internal Server Error in 2ms

ActionView::MissingTemplate (Missing template /2013-07-10-Rails4-Development-On-OSX-Lion.html with {:locale=>[:en], :formats=>[:html], :handlers=>[:erb, :builder, :raw, :ruby, :jbuilder, :coffee]}. Searched in:
  * "/Users/csphere/dev/BitPivot/BitPivot-Web/app/views"
  * "/Users/csphere/dev/BitPivot/BitPivot-Web"
  * "/"
):
  app/controllers/blog_controller.rb:6:in `show_post'


  Rendered /Users/csphere/.rvm/gems/ruby-2.0.0-p247/gems/actionpack-4.0.0/lib/action_dispatch/middleware/templates/rescues/missing_template.erb within rescues/layout (0.4ms)


Started GET "/blog/2013-07-10-Rails4-Development-On-OSX-Lion.html" for 127.0.0.1 at 2013-07-12 20:57:18 -0500
Processing by BlogController#show_post as HTML
  Parameters: {"year"=>"2013-07-10-Rails4-Development", "month"=>"On", "day"=>"OSX", "title"=>"Lion"}
Completed 500 Internal Server Error in 2ms

ActionView::MissingTemplate (Missing template /2013-07-10-Rails4-Development-On-OSX-Lion.html with {:locale=>[:en], :formats=>[:html], :handlers=>[:erb, :builder, :raw, :ruby, :jbuilder, :coffee]}. Searched in:
  * "/Users/csphere/dev/BitPivot/BitPivot-Web/app/views"
  * "/Users/csphere/dev/BitPivot/BitPivot-Web"
  * "/"
):
  app/controllers/blog_controller.rb:6:in `show_post'


  Rendered /Users/csphere/.rvm/gems/ruby-2.0.0-p247/gems/actionpack-4.0.0/lib/action_dispatch/middleware/templates/rescues/missing_template.erb within rescues/layout (0.4ms)


Started GET "/blog/2013-07-10-Rails4-Development-On-OSX-Lion.html" for 127.0.0.1 at 2013-07-12 20:57:45 -0500
Processing by BlogController#show_post as HTML
  Parameters: {"year"=>"2013-07-10-Rails4-Development", "month"=>"On", "day"=>"OSX", "title"=>"Lion"}
Completed 500 Internal Server Error in 2ms

ActionView::MissingTemplate (Missing template /2013-07-10-Rails4-Development-On-OSX-Lion.html.erb with {:locale=>[:en], :formats=>[:html], :handlers=>[:erb, :builder, :raw, :ruby, :jbuilder, :coffee]}. Searched in:
  * "/Users/csphere/dev/BitPivot/BitPivot-Web/app/views"
  * "/Users/csphere/dev/BitPivot/BitPivot-Web"
  * "/"
):
  app/controllers/blog_controller.rb:6:in `show_post'


  Rendered /Users/csphere/.rvm/gems/ruby-2.0.0-p247/gems/actionpack-4.0.0/lib/action_dispatch/middleware/templates/rescues/missing_template.erb within rescues/layout (0.3ms)


Started GET "/blog/2013-07-10-Rails4-Development-On-OSX-Lion.html" for 127.0.0.1 at 2013-07-12 20:57:46 -0500
Processing by BlogController#show_post as HTML
  Parameters: {"year"=>"2013-07-10-Rails4-Development", "month"=>"On", "day"=>"OSX", "title"=>"Lion"}
Completed 500 Internal Server Error in 2ms

ActionView::MissingTemplate (Missing template /2013-07-10-Rails4-Development-On-OSX-Lion.html.erb with {:locale=>[:en], :formats=>[:html], :handlers=>[:erb, :builder, :raw, :ruby, :jbuilder, :coffee]}. Searched in:
  * "/Users/csphere/dev/BitPivot/BitPivot-Web/app/views"
  * "/Users/csphere/dev/BitPivot/BitPivot-Web"
  * "/"
):
  app/controllers/blog_controller.rb:6:in `show_post'


  Rendered /Users/csphere/.rvm/gems/ruby-2.0.0-p247/gems/actionpack-4.0.0/lib/action_dispatch/middleware/templates/rescues/missing_template.erb within rescues/layout (0.4ms)


Started GET "/blog/2013-07-10-Rails4-Development-On-OSX-Lion.html" for 127.0.0.1 at 2013-07-12 20:59:11 -0500
Processing by BlogController#show_post as HTML
  Parameters: {"year"=>"2013-07-10-Rails4-Development", "month"=>"On", "day"=>"OSX", "title"=>"Lion"}
Completed 500 Internal Server Error in 2ms

ActionView::MissingTemplate (Missing template posts/2013-07-10-Rails4-Development-On-OSX-Lion.html.erb with {:locale=>[:en], :formats=>[:html], :handlers=>[:erb, :builder, :raw, :ruby, :jbuilder, :coffee]}. Searched in:
  * "/Users/csphere/dev/BitPivot/BitPivot-Web/app/views"
  * "/Users/csphere/dev/BitPivot/BitPivot-Web"
  * "/"
):
  app/controllers/blog_controller.rb:6:in `show_post'


  Rendered /Users/csphere/.rvm/gems/ruby-2.0.0-p247/gems/actionpack-4.0.0/lib/action_dispatch/middleware/templates/rescues/missing_template.erb within rescues/layout (0.3ms)


Started GET "/blog/2013-07-10-Rails4-Development-On-OSX-Lion.html" for 127.0.0.1 at 2013-07-12 20:59:11 -0500
Processing by BlogController#show_post as HTML
  Parameters: {"year"=>"2013-07-10-Rails4-Development", "month"=>"On", "day"=>"OSX", "title"=>"Lion"}
Completed 500 Internal Server Error in 2ms

ActionView::MissingTemplate (Missing template posts/2013-07-10-Rails4-Development-On-OSX-Lion.html.erb with {:locale=>[:en], :formats=>[:html], :handlers=>[:erb, :builder, :raw, :ruby, :jbuilder, :coffee]}. Searched in:
  * "/Users/csphere/dev/BitPivot/BitPivot-Web/app/views"
  * "/Users/csphere/dev/BitPivot/BitPivot-Web"
  * "/"
):
  app/controllers/blog_controller.rb:6:in `show_post'


  Rendered /Users/csphere/.rvm/gems/ruby-2.0.0-p247/gems/actionpack-4.0.0/lib/action_dispatch/middleware/templates/rescues/missing_template.erb within rescues/layout (0.4ms)


Started GET "/blog/2013-07-10-Rails4-Development-On-OSX-Lion.html" for 127.0.0.1 at 2013-07-12 20:59:24 -0500
Processing by BlogController#show_post as HTML
  Parameters: {"year"=>"2013-07-10-Rails4-Development", "month"=>"On", "day"=>"OSX", "title"=>"Lion"}
Completed 500 Internal Server Error in 2ms

ActionView::MissingTemplate (Missing template posts/2013-07-10-Rails4-Development-On-OSX-Lion.html.erb with {:locale=>[:en], :formats=>[:html], :handlers=>[:erb, :builder, :raw, :ruby, :jbuilder, :coffee]}. Searched in:
  * "/Users/csphere/dev/BitPivot/BitPivot-Web/app/views"
  * "/Users/csphere/dev/BitPivot/BitPivot-Web"
  * "/"
):
  app/controllers/blog_controller.rb:6:in `show_post'


  Rendered /Users/csphere/.rvm/gems/ruby-2.0.0-p247/gems/actionpack-4.0.0/lib/action_dispatch/middleware/templates/rescues/missing_template.erb within rescues/layout (0.3ms)


Started GET "/blog/2013-07-10-Rails4-Development-On-OSX-Lion.html" for 127.0.0.1 at 2013-07-12 20:59:25 -0500
Processing by BlogController#show_post as HTML
  Parameters: {"year"=>"2013-07-10-Rails4-Development", "month"=>"On", "day"=>"OSX", "title"=>"Lion"}
Completed 500 Internal Server Error in 2ms

ActionView::MissingTemplate (Missing template posts/2013-07-10-Rails4-Development-On-OSX-Lion.html.erb with {:locale=>[:en], :formats=>[:html], :handlers=>[:erb, :builder, :raw, :ruby, :jbuilder, :coffee]}. Searched in:
  * "/Users/csphere/dev/BitPivot/BitPivot-Web/app/views"
  * "/Users/csphere/dev/BitPivot/BitPivot-Web"
  * "/"
):
  app/controllers/blog_controller.rb:6:in `show_post'


  Rendered /Users/csphere/.rvm/gems/ruby-2.0.0-p247/gems/actionpack-4.0.0/lib/action_dispatch/middleware/templates/rescues/missing_template.erb within rescues/layout (0.3ms)


Started GET "/blog/2013-07-10-Rails4-Development-On-OSX-Lion.html" for 127.0.0.1 at 2013-07-12 20:59:56 -0500
Processing by BlogController#show_post as HTML
  Parameters: {"year"=>"2013-07-10-Rails4-Development", "month"=>"On", "day"=>"OSX", "title"=>"Lion"}
Completed 500 Internal Server Error in 2ms

ActionView::MissingTemplate (Missing template posts/_2013-07-10-Rails4-Development-On-OSX-Lion.html.erb with {:locale=>[:en], :formats=>[:html], :handlers=>[:erb, :builder, :raw, :ruby, :jbuilder, :coffee]}. Searched in:
  * "/Users/csphere/dev/BitPivot/BitPivot-Web/app/views"
  * "/Users/csphere/dev/BitPivot/BitPivot-Web"
  * "/"
):
  app/controllers/blog_controller.rb:6:in `show_post'


  Rendered /Users/csphere/.rvm/gems/ruby-2.0.0-p247/gems/actionpack-4.0.0/lib/action_dispatch/middleware/templates/rescues/missing_template.erb within rescues/layout (0.4ms)


Started GET "/blog/2013-07-10-Rails4-Development-On-OSX-Lion.html" for 127.0.0.1 at 2013-07-12 20:59:57 -0500
Processing by BlogController#show_post as HTML
  Parameters: {"year"=>"2013-07-10-Rails4-Development", "month"=>"On", "day"=>"OSX", "title"=>"Lion"}
Completed 500 Internal Server Error in 2ms

ActionView::MissingTemplate (Missing template posts/_2013-07-10-Rails4-Development-On-OSX-Lion.html.erb with {:locale=>[:en], :formats=>[:html], :handlers=>[:erb, :builder, :raw, :ruby, :jbuilder, :coffee]}. Searched in:
  * "/Users/csphere/dev/BitPivot/BitPivot-Web/app/views"
  * "/Users/csphere/dev/BitPivot/BitPivot-Web"
  * "/"
):
  app/controllers/blog_controller.rb:6:in `show_post'


  Rendered /Users/csphere/.rvm/gems/ruby-2.0.0-p247/gems/actionpack-4.0.0/lib/action_dispatch/middleware/templates/rescues/missing_template.erb within rescues/layout (0.4ms)


Started GET "/blog/2013-07-10-Rails4-Development-On-OSX-Lion.html" for 127.0.0.1 at 2013-07-12 21:00:09 -0500
Processing by BlogController#show_post as HTML
  Parameters: {"year"=>"2013-07-10-Rails4-Development", "month"=>"On", "day"=>"OSX", "title"=>"Lion"}
  Rendered blog/posts/_2013-07-10-Rails4-Development-On-OSX-Lion.html.erb within layouts/application (0.4ms)
  Rendered layouts/_shim.html.erb (0.0ms)
  Rendered layouts/_head.html.erb (2.1ms)
  Rendered layouts/_footer.html.erb (0.1ms)
Completed 200 OK in 6ms (Views: 5.0ms | ActiveRecord: 0.0ms)


Started GET "/assets/application.css?body=1" for 127.0.0.1 at 2013-07-12 21:00:09 -0500


Started GET "/assets/blog.css?body=1" for 127.0.0.1 at 2013-07-12 21:00:09 -0500


Started GET "/assets/jquery.js?body=1" for 127.0.0.1 at 2013-07-12 21:00:09 -0500


Started GET "/assets/application.js?body=1" for 127.0.0.1 at 2013-07-12 21:00:09 -0500


Started GET "/assets/jquery_ujs.js?body=1" for 127.0.0.1 at 2013-07-12 21:00:09 -0500


Started GET "/assets/turbolinks.js?body=1" for 127.0.0.1 at 2013-07-12 21:00:09 -0500


Started GET "/assets/blog.js?body=1" for 127.0.0.1 at 2013-07-12 21:00:09 -0500


Started GET "/blog/2013-07-10-Rails4-Development-On-OSX-Lion.html" for 127.0.0.1 at 2013-07-12 21:05:26 -0500
Processing by BlogController#show_post as HTML
  Parameters: {"year"=>"2013-07-10-Rails4-Development", "month"=>"On", "day"=>"OSX", "title"=>"Lion"}
  Rendered blog/posts/_2013-07-10-Rails4-Development-On-OSX-Lion.html.erb within layouts/application (0.0ms)
  Rendered layouts/_shim.html.erb (0.0ms)
  Rendered layouts/_head.html.erb (2.1ms)
  Rendered layouts/_footer.html.erb (0.0ms)
Completed 200 OK in 5ms (Views: 4.5ms | ActiveRecord: 0.0ms)


Started GET "/assets/application.css?body=1" for 127.0.0.1 at 2013-07-12 21:05:27 -0500


Started GET "/assets/blog.css?body=1" for 127.0.0.1 at 2013-07-12 21:05:27 -0500


Started GET "/assets/jquery_ujs.js?body=1" for 127.0.0.1 at 2013-07-12 21:05:27 -0500


Started GET "/assets/jquery.js?body=1" for 127.0.0.1 at 2013-07-12 21:05:27 -0500


Started GET "/assets/application.js?body=1" for 127.0.0.1 at 2013-07-12 21:05:27 -0500


Started GET "/assets/turbolinks.js?body=1" for 127.0.0.1 at 2013-07-12 21:05:27 -0500


Started GET "/assets/blog.js?body=1" for 127.0.0.1 at 2013-07-12 21:05:27 -0500


Started GET "/blog/2013-07-10-Rails4-Development-On-OSX-Lion" for 127.0.0.1 at 2013-07-12 21:05:30 -0500
Processing by BlogController#show_post as HTML
  Parameters: {"year"=>"2013-07-10-Rails4-Development", "month"=>"On", "day"=>"OSX", "title"=>"Lion"}
  Rendered blog/posts/_2013-07-10-Rails4-Development-On-OSX-Lion.html.erb within layouts/application (0.1ms)
  Rendered layouts/_shim.html.erb (0.0ms)
  Rendered layouts/_head.html.erb (3.2ms)
  Rendered layouts/_footer.html.erb (0.0ms)
Completed 200 OK in 7ms (Views: 6.3ms | ActiveRecord: 0.0ms)


Started GET "/assets/application.css?body=1" for 127.0.0.1 at 2013-07-12 21:05:30 -0500


Started GET "/assets/blog.css?body=1" for 127.0.0.1 at 2013-07-12 21:05:30 -0500


Started GET "/assets/jquery.js?body=1" for 127.0.0.1 at 2013-07-12 21:05:30 -0500


Started GET "/assets/jquery_ujs.js?body=1" for 127.0.0.1 at 2013-07-12 21:05:30 -0500


Started GET "/assets/blog.js?body=1" for 127.0.0.1 at 2013-07-12 21:05:30 -0500


Started GET "/assets/turbolinks.js?body=1" for 127.0.0.1 at 2013-07-12 21:05:30 -0500


Started GET "/assets/application.js?body=1" for 127.0.0.1 at 2013-07-12 21:05:30 -0500


Started GET "/blog/2013-07-10-Rails4-Development-On-OSX-Lion" for 127.0.0.1 at 2013-07-12 21:05:33 -0500
Processing by BlogController#show_post as HTML
  Parameters: {"year"=>"2013-07-10-Rails4-Development", "month"=>"On", "day"=>"OSX", "title"=>"Lion"}
  Rendered blog/posts/_2013-07-10-Rails4-Development-On-OSX-Lion.html.erb within layouts/application (0.0ms)
  Rendered layouts/_shim.html.erb (0.0ms)
  Rendered layouts/_head.html.erb (2.2ms)
  Rendered layouts/_footer.html.erb (0.0ms)
Completed 200 OK in 5ms (Views: 4.8ms | ActiveRecord: 0.0ms)


Started GET "/assets/jquery_ujs.js?body=1" for 127.0.0.1 at 2013-07-12 21:05:33 -0500


Started GET "/assets/jquery.js?body=1" for 127.0.0.1 at 2013-07-12 21:05:33 -0500


Started GET "/assets/application.css?body=1" for 127.0.0.1 at 2013-07-12 21:05:33 -0500


Started GET "/assets/blog.css?body=1" for 127.0.0.1 at 2013-07-12 21:05:33 -0500


Started GET "/assets/turbolinks.js?body=1" for 127.0.0.1 at 2013-07-12 21:05:33 -0500


Started GET "/assets/blog.js?body=1" for 127.0.0.1 at 2013-07-12 21:05:33 -0500


Started GET "/assets/application.js?body=1" for 127.0.0.1 at 2013-07-12 21:05:33 -0500


Started GET "/blog/2013-07-10-Rails4-Development-On-OSX-Lion" for 127.0.0.1 at 2013-07-12 21:06:57 -0500
Processing by BlogController#show_post as HTML
  Parameters: {"year"=>"2013-07-10-Rails4-Development", "month"=>"On", "day"=>"OSX", "title"=>"Lion"}
  Rendered blog/posts/_2013-07-10-Rails4-Development-On-OSX-Lion.html.erb within layouts/application (0.0ms)
  Rendered layouts/_shim.html.erb (0.0ms)
  Rendered layouts/_head.html.erb (28.0ms)
  Rendered layouts/_footer.html.erb (0.0ms)
Completed 200 OK in 32ms (Views: 31.2ms | ActiveRecord: 0.0ms)


Started GET "/assets/application.css?body=1" for 127.0.0.1 at 2013-07-12 21:06:57 -0500


Started GET "/assets/jquery.js?body=1" for 127.0.0.1 at 2013-07-12 21:06:57 -0500


Started GET "/assets/jquery_ujs.js?body=1" for 127.0.0.1 at 2013-07-12 21:06:57 -0500


Started GET "/assets/blog.js?body=1" for 127.0.0.1 at 2013-07-12 21:06:57 -0500


Started GET "/assets/blog.css?body=1" for 127.0.0.1 at 2013-07-12 21:06:57 -0500


Started GET "/assets/turbolinks.js?body=1" for 127.0.0.1 at 2013-07-12 21:06:57 -0500


Started GET "/assets/application.js?body=1" for 127.0.0.1 at 2013-07-12 21:06:57 -0500


Started GET "/blog/2013-07-10-Rails4-Development-On-OSX-Lion" for 127.0.0.1 at 2013-07-12 21:07:41 -0500
Processing by BlogController#show_post as HTML
  Parameters: {"year"=>"2013-07-10-Rails4-Development", "month"=>"On", "day"=>"OSX", "title"=>"Lion"}
  Rendered blog/posts/_2013-07-10-Rails4-Development-On-OSX-Lion.html.erb within layouts/application (0.0ms)
  Rendered layouts/_shim.html.erb (0.0ms)
  Rendered layouts/_head.html.erb (2.0ms)
  Rendered layouts/_footer.html.erb (0.0ms)
Completed 200 OK in 5ms (Views: 4.4ms | ActiveRecord: 0.0ms)


Started GET "/assets/application.css?body=1" for 127.0.0.1 at 2013-07-12 21:07:41 -0500


Started GET "/assets/jquery.js?body=1" for 127.0.0.1 at 2013-07-12 21:07:41 -0500


Started GET "/assets/turbolinks.js?body=1" for 127.0.0.1 at 2013-07-12 21:07:41 -0500


Started GET "/assets/blog.css?body=1" for 127.0.0.1 at 2013-07-12 21:07:41 -0500


Started GET "/assets/jquery_ujs.js?body=1" for 127.0.0.1 at 2013-07-12 21:07:41 -0500


Started GET "/assets/blog.js?body=1" for 127.0.0.1 at 2013-07-12 21:07:41 -0500


Started GET "/assets/application.js?body=1" for 127.0.0.1 at 2013-07-12 21:07:41 -0500


Started GET "/blog/2013-07-10-Rails4-Development-On-OSX-Lion" for 127.0.0.1 at 2013-07-12 21:07:58 -0500
Processing by BlogController#show_post as HTML
  Parameters: {"year"=>"2013-07-10-Rails4-Development", "month"=>"On", "day"=>"OSX", "title"=>"Lion"}
  Rendered blog/posts/_2013-07-10-Rails4-Development-On-OSX-Lion.html.erb within layouts/application (0.0ms)
  Rendered layouts/_shim.html.erb (0.0ms)
  Rendered layouts/_head.html.erb (2.2ms)
  Rendered layouts/_footer.html.erb (0.0ms)
Completed 200 OK in 5ms (Views: 4.6ms | ActiveRecord: 0.0ms)


Started GET "/assets/application.css?body=1" for 127.0.0.1 at 2013-07-12 21:07:58 -0500


Started GET "/assets/blog.js?body=1" for 127.0.0.1 at 2013-07-12 21:07:58 -0500


Started GET "/assets/jquery_ujs.js?body=1" for 127.0.0.1 at 2013-07-12 21:07:58 -0500


Started GET "/assets/jquery.js?body=1" for 127.0.0.1 at 2013-07-12 21:07:58 -0500


Started GET "/assets/blog.css?body=1" for 127.0.0.1 at 2013-07-12 21:07:58 -0500


Started GET "/assets/turbolinks.js?body=1" for 127.0.0.1 at 2013-07-12 21:07:58 -0500


Started GET "/assets/application.js?body=1" for 127.0.0.1 at 2013-07-12 21:07:58 -0500
